<?xml version="1.0" encoding="UTF-8"?>
<!-- Generated by org.testng.reporters.JUnitReportReporter -->
<testsuite name="com.Servcorp.SearchingInDirectory.TC004_SearchingOnBasisOfLocationName" tests="1" time="33.958" ignored="0" failures="0" timestamp="06 Sep 2017 05:59:08 GMT" skipped="0" hostname="DESKTOP-CVO2Q58" errors="0">
  <testcase name="searching_on_basis_of_location" time="33.958" classname="com.Servcorp.SearchingInDirectory.TC004_SearchingOnBasisOfLocationName"/>
</testsuite> <!-- com.Servcorp.SearchingInDirectory.TC004_SearchingOnBasisOfLocationName -->
