<?xml version="1.0" encoding="UTF-8"?>
<!-- Generated by org.testng.reporters.JUnitReportReporter -->
<testsuite name="com.APA.Activity.CreateLivetActivty" tests="1" time="51.686" ignored="0" failures="0" timestamp="22 Jan 2018 19:44:11 GMT" skipped="0" hostname="Vikash" errors="0">
  <testcase name="verify_login_with_valid_credentials" time="51.686" classname="com.APA.Activity.CreateLivetActivty"/>
</testsuite> <!-- com.APA.Activity.CreateLivetActivty -->
