<?xml version="1.0" encoding="UTF-8"?>
<!-- Generated by org.testng.reporters.JUnitReportReporter -->
<testsuite name="com.Servcorp.HomePage.TC005_VerifyingInfinityLoaderMessage" tests="1" time="46.153" ignored="0" failures="0" timestamp="06 Sep 2017 04:54:52 GMT" skipped="0" hostname="DESKTOP-CVO2Q58" errors="0">
  <testcase name="verify_infity_loader_message" time="46.153" classname="com.Servcorp.HomePage.TC005_VerifyingInfinityLoaderMessage"/>
</testsuite> <!-- com.Servcorp.HomePage.TC005_VerifyingInfinityLoaderMessage -->
