<?xml version="1.0" encoding="UTF-8"?>
<!-- Generated by org.testng.reporters.JUnitReportReporter -->
<testsuite name="com.Servcorp.SearchingInDirectory.TC009_CreateUserProfile" tests="1" time="131.951" ignored="0" failures="0" timestamp="17 Sep 2017 12:50:06 GMT" skipped="0" hostname="Aravind" errors="0">
  <testcase name="create_user_profile" time="131.951" classname="com.Servcorp.SearchingInDirectory.TC009_CreateUserProfile"/>
</testsuite> <!-- com.Servcorp.SearchingInDirectory.TC009_CreateUserProfile -->
