<?xml version="1.0" encoding="UTF-8"?>
<!-- Generated by org.testng.reporters.JUnitReportReporter -->
<testsuite name="com.Servcorp.SearchingInDirectory.TC010_AdvancedSearchUsingLocation" tests="1" time="81.858" ignored="0" failures="0" timestamp="18 Sep 2017 09:46:17 GMT" skipped="0" hostname="DESKTOP-CVO2Q58" errors="0">
  <testcase name="advanced_searching_on_basis_of_location" time="81.858" classname="com.Servcorp.SearchingInDirectory.TC010_AdvancedSearchUsingLocation"/>
</testsuite> <!-- com.Servcorp.SearchingInDirectory.TC010_AdvancedSearchUsingLocation -->
