<?xml version="1.0" encoding="UTF-8"?>
<!-- Generated by org.testng.reporters.JUnitReportReporter -->
<testsuite name="com.Servcorp.SearchingInDirectory.TC008_VerifyingInfinityLoaderMessage" tests="1" time="51.335" ignored="0" failures="0" timestamp="18 Sep 2017 09:59:28 GMT" skipped="0" hostname="DESKTOP-CVO2Q58" errors="0">
  <testcase name="verify_infity_loader_message" time="51.335" classname="com.Servcorp.SearchingInDirectory.TC008_VerifyingInfinityLoaderMessage"/>
</testsuite> <!-- com.Servcorp.SearchingInDirectory.TC008_VerifyingInfinityLoaderMessage -->
