<?xml version="1.0" encoding="UTF-8"?>
<!-- Generated by org.testng.reporters.JUnitReportReporter -->
<testsuite name="com.Servcorp.SearchingInDirectory.TC005_SearchingOnBasisOfLocationName" tests="1" time="35.127" ignored="0" failures="0" timestamp="18 Sep 2017 09:46:17 GMT" skipped="0" hostname="DESKTOP-CVO2Q58" errors="0">
  <testcase name="searching_on_basis_of_location" time="35.127" classname="com.Servcorp.SearchingInDirectory.TC005_SearchingOnBasisOfLocationName"/>
</testsuite> <!-- com.Servcorp.SearchingInDirectory.TC005_SearchingOnBasisOfLocationName -->
