<?xml version="1.0" encoding="UTF-8"?>
<!-- Generated by org.testng.reporters.JUnitReportReporter -->
<testsuite name="com.Servcorp.Discussion.MouseOverDiscussion" tests="1" time="15.550" ignored="0" failures="0" timestamp="17 Dec 2017 05:04:20 GMT" skipped="0" hostname="Deepak" errors="0">
  <testcase name="login" time="15.550" classname="com.Servcorp.Discussion.MouseOverDiscussion"/>
</testsuite> <!-- com.Servcorp.Discussion.MouseOverDiscussion -->
