<?xml version="1.0" encoding="UTF-8"?>
<!-- Generated by org.testng.reporters.JUnitReportReporter -->
<testsuite name="com.Servcorp.SearchingInDirectory.TC010_AdvancedSearchOnBasisOfProfile" tests="1" time="157.881" ignored="0" failures="0" timestamp="17 Sep 2017 16:36:13 GMT" skipped="0" hostname="Aravind" errors="0">
  <testcase name="searching_user_on_basis_of_profile" time="157.881" classname="com.Servcorp.SearchingInDirectory.TC010_AdvancedSearchOnBasisOfProfile"/>
</testsuite> <!-- com.Servcorp.SearchingInDirectory.TC010_AdvancedSearchOnBasisOfProfile -->
