<?xml version="1.0" encoding="UTF-8"?>
<!-- Generated by org.testng.reporters.JUnitReportReporter -->
<testsuite name="com.APA.Activity.Editlive" tests="1" time="38.453" ignored="0" failures="0" timestamp="22 Jan 2018 19:47:46 GMT" skipped="0" hostname="Vikash" errors="0">
  <testcase name="verify_login_with_valid_credentials" time="38.453" classname="com.APA.Activity.Editlive"/>
</testsuite> <!-- com.APA.Activity.Editlive -->
