<?xml version="1.0" encoding="UTF-8"?>
<!-- Generated by org.testng.reporters.JUnitReportReporter -->
<testsuite name="com.Servcorp.HomePage.TC003_SearchingOfUserOnBasisOfProfileFunctional" tests="1" time="26.541" ignored="0" failures="0" timestamp="30 Aug 2017 12:48:42 GMT" skipped="0" hostname="DESKTOP-CVO2Q58" errors="0">
  <testcase name="searchingUserOnBasisOfProfile" time="26.541" classname="com.Servcorp.HomePage.TC003_SearchingOfUserOnBasisOfProfileFunctional"/>
</testsuite> <!-- com.Servcorp.HomePage.TC003_SearchingOfUserOnBasisOfProfileFunctional -->
