<?xml version="1.0" encoding="UTF-8"?>
<!-- Generated by org.testng.reporters.JUnitReportReporter -->
<testsuite name="com.Servcorp.HomePage.TC008_AdminLoginFunctionality" tests="1" time="47.731" ignored="0" failures="0" timestamp="09 Sep 2017 11:47:06 GMT" skipped="0" hostname="Aravind" errors="0">
  <testcase name="verify_admin_login_with_valid_credentials" time="47.731" classname="com.Servcorp.HomePage.TC008_AdminLoginFunctionality"/>
</testsuite> <!-- com.Servcorp.HomePage.TC008_AdminLoginFunctionality -->
