<?xml version="1.0" encoding="UTF-8"?>
<!-- Generated by org.testng.reporters.JUnitReportReporter -->
<testsuite name="com.Servcorp.HomePage.TC001_LoginWithValidCredentials" tests="1" time="36.619" ignored="0" failures="0" timestamp="13 Jan 2018 11:37:07 GMT" skipped="0" hostname="Vikash" errors="0">
  <testcase name="verify_login_with_valid_credentials" time="36.619" classname="com.Servcorp.HomePage.TC001_LoginWithValidCredentials"/>
</testsuite> <!-- com.Servcorp.HomePage.TC001_LoginWithValidCredentials -->
