<?xml version="1.0" encoding="UTF-8"?>
<!-- Generated by org.testng.reporters.JUnitReportReporter -->
<testsuite name="com.Servcorp.SearchingInDirectory.TC007_LanguageDropdownSelection" tests="1" time="56.391" ignored="0" failures="0" timestamp="18 Sep 2017 09:46:17 GMT" skipped="0" hostname="DESKTOP-CVO2Q58" errors="0">
  <testcase name="language_dropdown_selection" time="56.391" classname="com.Servcorp.SearchingInDirectory.TC007_LanguageDropdownSelection"/>
</testsuite> <!-- com.Servcorp.SearchingInDirectory.TC007_LanguageDropdownSelection -->
