<?xml version="1.0" encoding="UTF-8"?>
<!-- Generated by org.testng.reporters.JUnitReportReporter -->
<testsuite name="com.Servcorp.SearchingInDirectory.TC006_DisplayProfileImages" tests="2" time="81.314" ignored="0" failures="0" timestamp="18 Sep 2017 09:46:17 GMT" skipped="0" hostname="DESKTOP-CVO2Q58" errors="0">
  <testcase name="search_profile_image" time="38.420" classname="com.Servcorp.SearchingInDirectory.TC006_DisplayProfileImages"/>
  <testcase name="members_not_in_connection" time="42.894" classname="com.Servcorp.SearchingInDirectory.TC006_DisplayProfileImages"/>
</testsuite> <!-- com.Servcorp.SearchingInDirectory.TC006_DisplayProfileImages -->
