<?xml version="1.0" encoding="UTF-8"?>
<!-- Generated by org.testng.reporters.JUnitReportReporter -->
<testsuite name="com.Servcorp.SearchingInDirectory.TC011_AdvancedSearchUsingLocation" tests="1" time="119.919" ignored="0" failures="0" timestamp="17 Sep 2017 08:37:16 GMT" skipped="0" hostname="Aravind" errors="0">
  <testcase name="searching_on_basis_of_location" time="119.919" classname="com.Servcorp.SearchingInDirectory.TC011_AdvancedSearchUsingLocation"/>
</testsuite> <!-- com.Servcorp.SearchingInDirectory.TC011_AdvancedSearchUsingLocation -->
