<?xml version="1.0" encoding="UTF-8"?>
<!-- Generated by org.testng.reporters.JUnitReportReporter -->
<testsuite name="com.APA.Activity.Act" tests="1" time="58.660" ignored="0" failures="0" timestamp="14 Jan 2018 11:20:54 GMT" skipped="0" hostname="Vikash" errors="0">
  <testcase name="f" time="58.660" classname="com.APA.Activity.Act"/>
</testsuite> <!-- com.APA.Activity.Act -->
