<?xml version="1.0" encoding="UTF-8"?>
<!-- Generated by org.testng.reporters.JUnitReportReporter -->
<testsuite name="com.APA.HomePage.TC001_LoginWithValidCredentials" tests="1" time="25.448" ignored="0" failures="0" timestamp="27 Jan 2018 11:19:11 GMT" skipped="0" hostname="Deepak" errors="0">
  <testcase name="verify_login_with_valid_credentials" time="25.448" classname="com.APA.HomePage.TC001_LoginWithValidCredentials"/>
</testsuite> <!-- com.APA.HomePage.TC001_LoginWithValidCredentials -->
