<?xml version="1.0" encoding="UTF-8"?>
<!-- Generated by org.testng.reporters.JUnitReportReporter -->
<testsuite name="com.Servcorp.SearchingInDirectory.TC005_VerifyingInfinityLoaderMessage" tests="1" time="46.415" ignored="0" failures="0" timestamp="06 Sep 2017 05:41:53 GMT" skipped="0" hostname="DESKTOP-CVO2Q58" errors="0">
  <testcase name="verify_infity_loader_message" time="46.415" classname="com.Servcorp.SearchingInDirectory.TC005_VerifyingInfinityLoaderMessage"/>
</testsuite> <!-- com.Servcorp.SearchingInDirectory.TC005_VerifyingInfinityLoaderMessage -->
