<?xml version="1.0" encoding="UTF-8"?>
<!-- Generated by org.testng.reporters.JUnitReportReporter -->
<testsuite name="com.Servcorp.SearchingInDirectory.TC009_AdvancedSearchOnBasisOfProfile" tests="1" time="77.570" ignored="0" failures="0" timestamp="18 Sep 2017 10:01:07 GMT" skipped="0" hostname="DESKTOP-CVO2Q58" errors="0">
  <testcase name="advancd_searching_user_on_basis_of_profile" time="77.570" classname="com.Servcorp.SearchingInDirectory.TC009_AdvancedSearchOnBasisOfProfile"/>
</testsuite> <!-- com.Servcorp.SearchingInDirectory.TC009_AdvancedSearchOnBasisOfProfile -->
