<?xml version="1.0" encoding="UTF-8"?>
<!-- Generated by org.testng.reporters.JUnitReportReporter -->
<testsuite name="com.Servcorp.HomePage.TC004_SearchingOnBasisOfLocationName" tests="1" time="35.869" ignored="0" failures="0" timestamp="30 Aug 2017 12:54:14 GMT" skipped="0" hostname="DESKTOP-CVO2Q58" errors="0">
  <testcase name="searchingonbasisoflocation" time="35.869" classname="com.Servcorp.HomePage.TC004_SearchingOnBasisOfLocationName"/>
</testsuite> <!-- com.Servcorp.HomePage.TC004_SearchingOnBasisOfLocationName -->
