<?xml version="1.0" encoding="UTF-8"?>
<!-- Generated by org.testng.reporters.JUnitReportReporter -->
<testsuite name="searchingInDirectoryPage.TC006_DisplayProfileImages" tests="1" time="46.722" ignored="1" failures="0" timestamp="06 Sep 2017 04:46:18 GMT" skipped="0" hostname="DESKTOP-CVO2Q58" errors="0">
  <testcase name="members_not_in_connection" time="46.722" classname="searchingInDirectoryPage.TC006_DisplayProfileImages"/>
  <testcase name="search_profile_image" classname="searchingInDirectoryPage.TC006_DisplayProfileImages">
    <skipped/>
  </testcase> <!-- search_profile_image -->
</testsuite> <!-- searchingInDirectoryPage.TC006_DisplayProfileImages -->
