<?xml version="1.0" encoding="UTF-8"?>
<!-- Generated by org.testng.reporters.JUnitReportReporter -->
<testsuite name="com.APA.Activity.Activity" tests="1" time="42.189" ignored="0" failures="0" timestamp="19 Jan 2018 23:21:22 GMT" skipped="0" hostname="Vikash" errors="0">
  <testcase name="verify_login_with_valid_credentials" time="42.189" classname="com.APA.Activity.Activity"/>
</testsuite> <!-- com.APA.Activity.Activity -->
