<?xml version="1.0" encoding="UTF-8"?>
<!-- Generated by org.testng.reporters.JUnitReportReporter -->
<testsuite name="com.APA.HomePage.TC001_LoginWithValidCredentials" tests="1" time="41.820" ignored="0" failures="0" timestamp="20 Jan 2018 00:49:34 GMT" skipped="0" hostname="Vikash" errors="0">
  <testcase name="verify_login_with_valid_credentials" time="41.820" classname="com.APA.HomePage.TC001_LoginWithValidCredentials"/>
</testsuite> <!-- com.APA.HomePage.TC001_LoginWithValidCredentials -->
