<?xml version="1.0" encoding="UTF-8"?>
<!-- Generated by org.testng.reporters.JUnitReportReporter -->
<testsuite name="com.Servcorp.SearchingInDirectory.TC011_CreateUserProfile" tests="1" time="40.827" ignored="0" failures="0" timestamp="21 Sep 2017 09:49:24 GMT" skipped="0" hostname="DESKTOP-CVO2Q58" errors="0">
  <testcase name="create_user_profile" time="40.827" classname="com.Servcorp.SearchingInDirectory.TC011_CreateUserProfile"/>
</testsuite> <!-- com.Servcorp.SearchingInDirectory.TC011_CreateUserProfile -->
